[06-Mar-2022 13:54:00 UTC] PHP Fatal error:  Uncaught Error: Call to undefined function get_template_directoru_uri() in /Users/nanzhiye/Local Sites/hp/app/public/wp-content/themes/hp/index.php:30
Stack trace:
#0 /Users/nanzhiye/Local Sites/hp/app/public/wp-includes/template-loader.php(106): include()
#1 /Users/nanzhiye/Local Sites/hp/app/public/wp-blog-header.php(19): require_once('/Users/nanzhiye...')
#2 /Users/nanzhiye/Local Sites/hp/app/public/index.php(17): require('/Users/nanzhiye...')
#3 {main}
  thrown in /Users/nanzhiye/Local Sites/hp/app/public/wp-content/themes/hp/index.php on line 30
[08-Mar-2022 12:48:17 UTC] PHP Warning:  Use of undefined constant get_template_directory - assumed 'get_template_directory' (this will throw an Error in a future version of PHP) in /Users/nanzhiye/Local Sites/hp/app/public/wp-content/themes/hp/index.php on line 60
[08-Mar-2022 12:48:17 UTC] PHP Stack trace:
[08-Mar-2022 12:48:17 UTC] PHP   1. {main}() /Users/nanzhiye/Local Sites/hp/app/public/index.php:0
[08-Mar-2022 12:48:17 UTC] PHP   2. require() /Users/nanzhiye/Local Sites/hp/app/public/index.php:17
[08-Mar-2022 12:48:17 UTC] PHP   3. require_once() /Users/nanzhiye/Local Sites/hp/app/public/wp-blog-header.php:19
[08-Mar-2022 12:48:17 UTC] PHP   4. include() /Users/nanzhiye/Local Sites/hp/app/public/wp-includes/template-loader.php:106
[08-Mar-2022 12:48:17 UTC] PHP Fatal error:  Uncaught Error: Call to undefined function uri() in /Users/nanzhiye/Local Sites/hp/app/public/wp-content/themes/hp/index.php:60
Stack trace:
#0 /Users/nanzhiye/Local Sites/hp/app/public/wp-includes/template-loader.php(106): include()
#1 /Users/nanzhiye/Local Sites/hp/app/public/wp-blog-header.php(19): require_once('/Users/nanzhiye...')
#2 /Users/nanzhiye/Local Sites/hp/app/public/index.php(17): require('/Users/nanzhiye...')
#3 {main}
  thrown in /Users/nanzhiye/Local Sites/hp/app/public/wp-content/themes/hp/index.php on line 60
[08-Mar-2022 12:48:17 UTC] PHP Warning:  Use of undefined constant get_template_directory - assumed 'get_template_directory' (this will throw an Error in a future version of PHP) in /Users/nanzhiye/Local Sites/hp/app/public/wp-content/themes/hp/index.php on line 60
[08-Mar-2022 12:48:17 UTC] PHP Stack trace:
[08-Mar-2022 12:48:17 UTC] PHP   1. {main}() /Users/nanzhiye/Local Sites/hp/app/public/index.php:0
[08-Mar-2022 12:48:17 UTC] PHP   2. require() /Users/nanzhiye/Local Sites/hp/app/public/index.php:17
[08-Mar-2022 12:48:17 UTC] PHP   3. require_once() /Users/nanzhiye/Local Sites/hp/app/public/wp-blog-header.php:19
[08-Mar-2022 12:48:17 UTC] PHP   4. include() /Users/nanzhiye/Local Sites/hp/app/public/wp-includes/template-loader.php:106
[08-Mar-2022 12:48:17 UTC] PHP Fatal error:  Uncaught Error: Call to undefined function uri() in /Users/nanzhiye/Local Sites/hp/app/public/wp-content/themes/hp/index.php:60
Stack trace:
#0 /Users/nanzhiye/Local Sites/hp/app/public/wp-includes/template-loader.php(106): include()
#1 /Users/nanzhiye/Local Sites/hp/app/public/wp-blog-header.php(19): require_once('/Users/nanzhiye...')
#2 /Users/nanzhiye/Local Sites/hp/app/public/index.php(17): require('/Users/nanzhiye...')
#3 {main}
  thrown in /Users/nanzhiye/Local Sites/hp/app/public/wp-content/themes/hp/index.php on line 60
[08-Mar-2022 12:48:17 UTC] PHP Warning:  Use of undefined constant get_template_directory - assumed 'get_template_directory' (this will throw an Error in a future version of PHP) in /Users/nanzhiye/Local Sites/hp/app/public/wp-content/themes/hp/index.php on line 60
[08-Mar-2022 12:48:17 UTC] PHP Stack trace:
[08-Mar-2022 12:48:17 UTC] PHP   1. {main}() /Users/nanzhiye/Local Sites/hp/app/public/index.php:0
[08-Mar-2022 12:48:17 UTC] PHP   2. require() /Users/nanzhiye/Local Sites/hp/app/public/index.php:17
[08-Mar-2022 12:48:17 UTC] PHP   3. require_once() /Users/nanzhiye/Local Sites/hp/app/public/wp-blog-header.php:19
[08-Mar-2022 12:48:17 UTC] PHP   4. include() /Users/nanzhiye/Local Sites/hp/app/public/wp-includes/template-loader.php:106
[08-Mar-2022 12:48:17 UTC] PHP Fatal error:  Uncaught Error: Call to undefined function uri() in /Users/nanzhiye/Local Sites/hp/app/public/wp-content/themes/hp/index.php:60
Stack trace:
#0 /Users/nanzhiye/Local Sites/hp/app/public/wp-includes/template-loader.php(106): include()
#1 /Users/nanzhiye/Local Sites/hp/app/public/wp-blog-header.php(19): require_once('/Users/nanzhiye...')
#2 /Users/nanzhiye/Local Sites/hp/app/public/index.php(17): require('/Users/nanzhiye...')
#3 {main}
  thrown in /Users/nanzhiye/Local Sites/hp/app/public/wp-content/themes/hp/index.php on line 60
[14-Mar-2022 12:08:48 UTC] PHP Parse error:  syntax error, unexpected end of file in /Users/nanzhiye/Local Sites/hp/app/public/wp-content/themes/hp/page-h.php on line 22
[17-Mar-2022 13:48:06 UTC] PHP Fatal error:  Uncaught Error: Call to undefined function home_uri() in /Users/nanzhiye/Local Sites/hp/app/public/wp-content/themes/hp/header.php:12
Stack trace:
#0 /Users/nanzhiye/Local Sites/hp/app/public/wp-includes/template.php(770): require_once()
#1 /Users/nanzhiye/Local Sites/hp/app/public/wp-includes/template.php(716): load_template('/Users/nanzhiye...', true, Array)
#2 /Users/nanzhiye/Local Sites/hp/app/public/wp-includes/general-template.php(48): locate_template(Array, true, true, Array)
#3 /Users/nanzhiye/Local Sites/hp/app/public/wp-content/themes/hp/page-h.php(6): get_header()
#4 /Users/nanzhiye/Local Sites/hp/app/public/wp-includes/template-loader.php(106): include('/Users/nanzhiye...')
#5 /Users/nanzhiye/Local Sites/hp/app/public/wp-blog-header.php(19): require_once('/Users/nanzhiye...')
#6 /Users/nanzhiye/Local Sites/hp/app/public/index.php(17): require('/Users/nanzhiye...')
#7 {main}
  thrown in /Users/nanzhiye/Local Sites/hp/app/public/wp-content/themes/hp/header.php on line 12
[17-Mar-2022 13:48:07 UTC] PHP Fatal error:  Uncaught Error: Call to undefined function home_uri() in /Users/nanzhiye/Local Sites/hp/app/public/wp-content/themes/hp/header.php:12
Stack trace:
#0 /Users/nanzhiye/Local Sites/hp/app/public/wp-includes/template.php(770): require_once()
#1 /Users/nanzhiye/Local Sites/hp/app/public/wp-includes/template.php(716): load_template('/Users/nanzhiye...', true, Array)
#2 /Users/nanzhiye/Local Sites/hp/app/public/wp-includes/general-template.php(48): locate_template(Array, true, true, Array)
#3 /Users/nanzhiye/Local Sites/hp/app/public/wp-content/themes/hp/index.php(1): get_header()
#4 /Users/nanzhiye/Local Sites/hp/app/public/wp-includes/template-loader.php(106): include('/Users/nanzhiye...')
#5 /Users/nanzhiye/Local Sites/hp/app/public/wp-blog-header.php(19): require_once('/Users/nanzhiye...')
#6 /Users/nanzhiye/Local Sites/hp/app/public/index.php(17): require('/Users/nanzhiye...')
#7 {main}
  thrown in /Users/nanzhiye/Local Sites/hp/app/public/wp-content/themes/hp/header.php on line 12
[17-Mar-2022 13:49:36 UTC] PHP Fatal error:  Uncaught Error: Call to undefined function home_uri() in /Users/nanzhiye/Local Sites/hp/app/public/wp-content/themes/hp/header.php:13
Stack trace:
#0 /Users/nanzhiye/Local Sites/hp/app/public/wp-includes/template.php(770): require_once()
#1 /Users/nanzhiye/Local Sites/hp/app/public/wp-includes/template.php(716): load_template('/Users/nanzhiye...', true, Array)
#2 /Users/nanzhiye/Local Sites/hp/app/public/wp-includes/general-template.php(48): locate_template(Array, true, true, Array)
#3 /Users/nanzhiye/Local Sites/hp/app/public/wp-content/themes/hp/page-h.php(6): get_header()
#4 /Users/nanzhiye/Local Sites/hp/app/public/wp-includes/template-loader.php(106): include('/Users/nanzhiye...')
#5 /Users/nanzhiye/Local Sites/hp/app/public/wp-blog-header.php(19): require_once('/Users/nanzhiye...')
#6 /Users/nanzhiye/Local Sites/hp/app/public/index.php(17): require('/Users/nanzhiye...')
#7 {main}
  thrown in /Users/nanzhiye/Local Sites/hp/app/public/wp-content/themes/hp/header.php on line 13
[17-Mar-2022 13:49:37 UTC] PHP Fatal error:  Uncaught Error: Call to undefined function home_uri() in /Users/nanzhiye/Local Sites/hp/app/public/wp-content/themes/hp/header.php:13
Stack trace:
#0 /Users/nanzhiye/Local Sites/hp/app/public/wp-includes/template.php(770): require_once()
#1 /Users/nanzhiye/Local Sites/hp/app/public/wp-includes/template.php(716): load_template('/Users/nanzhiye...', true, Array)
#2 /Users/nanzhiye/Local Sites/hp/app/public/wp-includes/general-template.php(48): locate_template(Array, true, true, Array)
#3 /Users/nanzhiye/Local Sites/hp/app/public/wp-content/themes/hp/page-h.php(6): get_header()
#4 /Users/nanzhiye/Local Sites/hp/app/public/wp-includes/template-loader.php(106): include('/Users/nanzhiye...')
#5 /Users/nanzhiye/Local Sites/hp/app/public/wp-blog-header.php(19): require_once('/Users/nanzhiye...')
#6 /Users/nanzhiye/Local Sites/hp/app/public/index.php(17): require('/Users/nanzhiye...')
#7 {main}
  thrown in /Users/nanzhiye/Local Sites/hp/app/public/wp-content/themes/hp/header.php on line 13
